<?xml version="1.0" encoding="UTF-8"?>
<!-- Generated by org.testng.reporters.JUnitXMLReporter -->
<testsuite ignored="0" hostname="LAPTOP-N1ASVGNK" failures="0" tests="3" name="Test" time="108.201" errors="0" timestamp="2022-08-04T17:48:16 IST">
  <testcase classname="MobileTesting.Mobile.AppiumBasics" name="WiFiSettingsName" time="8.663"/>
  <testcase classname="MobileTesting.Mobile.ScrollAction" name="scrollActionTest" time="14.765"/>
  <testcase classname="MobileTesting.Mobile.LongPress" name="longPressGuester" time="13.864"/>
</testsuite> <!-- Test -->
