<?xml version="1.0" encoding="UTF-8"?>
<testng-results ignored="0" total="1" passed="1" failed="0" skipped="0">
  <reporter-output>
  </reporter-output>
  <suite started-at="2022-08-04T19:07:36 IST" name="Default suite" finished-at="2022-08-04T19:08:07 IST" duration-ms="30807">
    <groups>
    </groups>
    <test started-at="2022-08-04T19:07:36 IST" name="Default test" finished-at="2022-08-04T19:08:07 IST" duration-ms="30807">
      <class name="MobileTesting.Mobile.SwipeAction">
        <test-method is-config="true" signature="ConfigureAppium()[pri:0, instance:MobileTesting.Mobile.SwipeAction@21282ed8]" started-at="2022-08-04T19:07:36 IST" name="ConfigureAppium" finished-at="2022-08-04T19:08:00 IST" duration-ms="23369" status="PASS">
          <reporter-output>
          </reporter-output>
        </test-method> <!-- ConfigureAppium -->
        <test-method signature="SwipeActionTest()[pri:0, instance:MobileTesting.Mobile.SwipeAction@21282ed8]" started-at="2022-08-04T19:08:00 IST" name="SwipeActionTest" finished-at="2022-08-04T19:08:06 IST" duration-ms="6277" status="PASS">
          <reporter-output>
          </reporter-output>
        </test-method> <!-- SwipeActionTest -->
        <test-method is-config="true" signature="tearDown()[pri:0, instance:MobileTesting.Mobile.SwipeAction@21282ed8]" started-at="2022-08-04T19:08:06 IST" name="tearDown" finished-at="2022-08-04T19:08:07 IST" duration-ms="1057" status="PASS">
          <reporter-output>
          </reporter-output>
        </test-method> <!-- tearDown -->
      </class> <!-- MobileTesting.Mobile.SwipeAction -->
    </test> <!-- Default test -->
  </suite> <!-- Default suite -->
</testng-results>
